
ASEM-51 V1.3                                         Copyright (c) 2002 by W.W. Heinz                                         PAGE 1





       MCS-51 Family Macro Assembler   A S E M - 5 1   V 1.3
       =====================================================



	Source File:	C_FONT.ASM
	Object File:	C_FONT.hex
	List File:	C_FONT.lst



 Line  I  Addr  Code            Source

    1:				;======================================================
    2:				;PROGRAMA PARA CONTROLAR UM MOTOR CC POR PWM COM DOIS
    3:				;BOTÕES PARA AUMANTAR E DIMINUIR A VELOCIDADE DO MOTOR
    4:				;-------------------- PINAGEM -------------------------
    5:				; SAÍDA DOS PULSOS -> P1.0
    6:				; INTERRUPÇÃO EXT -> P3.1
    7:				; BOTÕES DE AUMENTO E DIMINUIÇÃO DE VELOCIDADE -> P2.0
    8:				; E P2.1
    9:				;------------------------------------------------------
   10:				; DESENVOLVIDO POR: JOHN DAYTON CHAVES CUTÓDIO
   11:				; DATA DE DESENVOLVIMENTO: 24/08/2013
   12:				; ULTIMA ATUALIZAÇÃO: 24/08/2013
   13:				;======================================================
   14:				;---------------- DEFINIÇÕES DAS FLAGS ----------------
   15:		N      0000	FLAG	EQU	00H
   16:		B      0090	MOTOR	EQU	P1.0
   17:		B      00A0	BOT_0	EQU	P2.0
   18:		B      00A1	BOT_1	EQU	P2.1
   19:				;------------- DESVIOS DE IMTERRUPÇÕES ----------------
   20:		N      0000		ORG	00H
   21:	  0000	01 47			AJMP	INICIO
   22:		N      0003		ORG	03H
   23:	  0003	01 0D			AJMP	EXT_0
   24:		N      000B		ORG	0BH
   25:	  000B	01 22			AJMP	TIMR_0
   26:				;================= INTERRUPÇÕES =======================
   27:				;------------------- EXTERNA 0 ------------------------
   28:	  000D	30 A0 09	EXT_0:	JNB	BOT_0,MAIS	;ANALISA QUAL FOI O BOTÃO PRESSIONADO
   29:								;SE FOR BOT_0 IRÁ SALTAR PARA (MAIS)
   30:
   31:	  0010	B9 32 01	MENOS:	CJNE	R1,#50,SEG1	;VERIFICA SE R1 JÁ É MÁXIMO
   32:	  0013	32			RETI			;SAI DA INTERRUPÇÃO SE O VALOR FOR MÁXIMO
   33:	  0014	09		SEG1:	INC	R1		;SE O VALOR NÃO FOR MÁXIMO INCREMENTA R1 E DECREMENTA R0
   34:	  0015	18			DEC	R0
   35:	  0016	E9			MOV	A,R1
   36:	  0017	FB			MOV	R3,A		;REPASSA O VALOR DE R1 PARA R3
   37:	  0018	32			RETI			;SAI DA INTERRUPÇÃO
   38:
   39:	  0019	B8 32 01	MAIS:	CJNE	R0,#50,SEG2	;VERIFICA SE R0 JÁ É MÁXIMO
   40:	  001C	32			RETI			;SAI DA INTERRUPÇÃO SE O VALOR FOR MÁXIMO
   41:	  001D	08		SEG2:	INC	R0		;SE O VALOR NÃO FOR MÁXIMO INCREMENTA R0 E DECREMENTA R1
   42:	  001E	19			DEC	R1
   43:	  001F	E8			MOV	A,R0

ASEM-51 V1.3                                         Copyright (c) 2002 by W.W. Heinz                                         PAGE 2



 Line  I  Addr  Code            Source

   44:	  0020	FA			MOV	R2,A		;REPASSA O VALOR DE R0 PARA R2
   45:	  0021	32			RETI			;;SAI DA INTERRUPÇÃO
   46:
   47:				;------------------ TIMER 0 ---------------------------
   48:	  0022	20 00 11	TIMR_0:	JB	FLAG,ROT_2	;VERIFICAÇÃO DE QUAL ESTADO ATUAL DO PINO MOTOR
   49:							;ROTINA PARA TEMPO BAIXO
   50:	  0025	C2 90		ROT_1:	CLR	MOTOR		;LIMPA VALOR DO PINO DO MOTOR
   51:	  0027	BB 00 01		CJNE	R3,#0,PART_1	;COMPARA R3 COM 0 SALTA PARA (PART_1) SE DIFERENTE
   52:	  002A	32			RETI			;SAI DA INTERRUPÇÃO
   53:	  002B	DB 19		PART_1:	DJNZ	R3,SAI_T0	;DECREMENTA R3 E DESVIA SE FOR DIFERENTE DE 0
   54:	  002D	E9			MOV	A,R1
   55:	  002E	FB			MOV	R3,A		;CARREGA O VALOR DE R1 EM R3 NOVAMENTE
   56:	  002F	BB 32 01		CJNE	R3,#50,PART_5	;COMPARA VALOR DE R3 COM O MÁXIMO E NÃO ALTERA A FLAG SE IGUAL
   57:	  0032	32			RETI
   58:	  0033	B2 00		PART_5:	CPL	FLAG		;INVERTE O VALOR DA FLAG
   59:	  0035	32			RETI
   60:							;ROTINA PARA TEMPO ALTO
   61:	  0036	D2 90		ROT_2:	SETB	MOTOR		;SETA VALOR DO PINO DO MOTOR
   62:	  0038	BA 00 01		CJNE	R2,#0,PART_2	;COMPARA R2 COM 0 E SALTA PARA (PART_2) SE DIFERENTE
   63:	  003B	32			RETI			;SAI DA INTERRUPÇÃO
   64:	  003C	DA 08		PART_2:	DJNZ	R2,SAI_T0	;DECREMENTA R2 E DESVIA SE FOR DIFERENTE DE 0
   65:	  003E	E8			MOV	A,R0
   66:	  003F	FA			MOV	R2,A		;CARREGA O VALOR DE R0 EM R2
   67:	  0040	BA 32 01		CJNE	R2,#50,PART_4	;COMPARA VALOR DE R2 COM O MÁXIMO E NÃO ALTERA A FLAG SE IGUAL
   68:	  0043	32			RETI
   69:	  0044	B2 00		PART_4:	CPL	FLAG		;INVERTE O VALOR DA FLAG
   70:	  0046	32		SAI_T0:	RETI			;SAI DA INTERRUPÇÃO
   71:				;---------------- ROTINA PRINCIPAL --------------------
   72:	  0047	75 81 2F	INICIO:	MOV	SP,#2FH		;DESLOCAMENTO DA PILHA
   73:	  004A	75 A8 83		MOV	IE,#83H		;HABILITAÇÃO DAS INTERRUPÇÕES
   74:								;HABILITA O TIMER0 O EXT_0 E A HABILITAÇÃO GERAL
   75:	  004D	75 B8 02		MOV	IP,#02H		;PRIORIDADES DAS INTERRUPÇÕES
   76:								;PRIORIDADE MAIOR PARA TIMER0
   77:	  0050	75 89 02		MOV	TMOD,#02H	;TIMR_0 EM MODO 2
   78:	  0053	75 8C EC		MOV	TH0,#0ECH	;CHAMADA A CADA 20us
   79:	  0056	75 8A EC		MOV	TL0,#0ECH	;PARA FREQUENCIA DE 1KHZ
   80:	  0059	D2 8C			SETB	TR0		;LIGA O TIMER0
   81:	  005B	D2 88			SETB	IT0		;HABILITA O TIMER0 PARA BORDA DE DESCIDA
   82:	  005D	78 00			MOV	R0,#0		;AUXILIAR DE R2 PARA AUMENTAR O VALOR DE TEMPO LIGADOO
   83:	  005F	7A 00			MOV	R2,#0
   84:	  0061	79 32			MOV	R1,#50		;AUXILIAR DE R3 PARA AUMENTAR O VALOR DE TEMPO DESLIGADO
   85:	  0063	7B 32			MOV	R3,#50
   86:	  0065	C2 00			CLR	FLAG
   87:	  0067	01 67			AJMP	$		;AGUARDA AS INTERRUPÇÕES
   88:				;------------------- FIM DO PROGRAMA ------------------
   89:					END





                     register banks used:  ---

                     no errors



ASEM-51 V1.3                                         Copyright (c) 2002 by W.W. Heinz                                         PAGE 3





ASEM-51 V1.3                                         Copyright (c) 2002 by W.W. Heinz                                         PAGE 4





	       L I S T   O F   S Y M B O L S
	       =============================


SYMBOL				  TYPE     VALUE	LINE
------------------------------------------------------------
??ASEM_51			  NUMBER    8051
??VERSION			  NUMBER    0130
AC				  BIT	      D6
ACC				  DATA	      E0
B				  DATA	      F0
BOT_0				  NUMBER    00A0	  17
BOT_1				  NUMBER    00A1	  18
CY				  BIT	      D7
DPH				  DATA	      83
DPL				  DATA	      82
EA				  BIT	      AF
ES				  BIT	      AC
ET0				  BIT	      A9
ET1				  BIT	      AB
EX0				  BIT	      A8
EX1				  BIT	      AA
EXTI0				  CODE	    0003
EXTI1				  CODE	    0013
EXT_0				  CODE	    000D	  28
F0				  BIT	      D5
FLAG				  NUMBER    0000	  15
IE				  DATA	      A8
IE0				  BIT	      89
IE1				  BIT	      8B
INICIO				  CODE	    0047	  72
INT0				  BIT	      B2
INT1				  BIT	      B3
IP				  DATA	      B8
IT0				  BIT	      88
IT1				  BIT	      8A
MAIS				  CODE	    0019	  39
MENOS				  CODE	    0010	  31
MOTOR				  NUMBER    0090	  16
OV				  BIT	      D2
P				  BIT	      D0
P0				  DATA	      80
P1				  DATA	      90
P2				  DATA	      A0
P3				  DATA	      B0
PART_1				  CODE	    002B	  53
PART_2				  CODE	    003C	  64
PART_4				  CODE	    0044	  69
PART_5				  CODE	    0033	  58
PCON				  DATA	      87
PS				  BIT	      BC
PSW				  DATA	      D0
PT0				  BIT	      B9
PT1				  BIT	      BB
PX0				  BIT	      B8
PX1				  BIT	      BA

ASEM-51 V1.3                                         Copyright (c) 2002 by W.W. Heinz                                         PAGE 5



SYMBOL				  TYPE     VALUE	LINE
------------------------------------------------------------
RB8				  BIT	      9A
RD				  BIT	      B7
REN				  BIT	      9C
RESET				  CODE	    0000
RI				  BIT	      98
ROT_1				  CODE	    0025	  50
ROT_2				  CODE	    0036	  61
RS0				  BIT	      D3
RS1				  BIT	      D4
RXD				  BIT	      B0
SAI_T0				  CODE	    0046	  70
SBUF				  DATA	      99
SCON				  DATA	      98
SEG1				  CODE	    0014	  33
SEG2				  CODE	    001D	  41
SINT				  CODE	    0023
SM0				  BIT	      9F
SM1				  BIT	      9E
SM2				  BIT	      9D
SP				  DATA	      81
T0				  BIT	      B4
T1				  BIT	      B5
TB8				  BIT	      9B
TCON				  DATA	      88
TF0				  BIT	      8D
TF1				  BIT	      8F
TH0				  DATA	      8C
TH1				  DATA	      8D
TI				  BIT	      99
TIMER0				  CODE	    000B
TIMER1				  CODE	    001B
TIMR_0				  CODE	    0022	  48
TL0				  DATA	      8A
TL1				  DATA	      8B
TMOD				  DATA	      89
TR0				  BIT	      8C
TR1				  BIT	      8E
TXD				  BIT	      B1
WR				  BIT	      B6
